MyLoginAccountApp/Login/app/build/intermediates/manifest_merge_blame_file/debug/manifest-merger-blame-debug-report.txt
1<?xml version="1.0" encoding="utf-8"?>
2<manifest xmlns:android="http://schemas.android.com/apk/res/android"
3    package="com.example.mylogin"
4    android:versionCode="1"
5    android:versionName="1.0" >
6
7    <uses-sdk
8        android:minSdkVersion="28"
8-->src\main\AndroidManifest.xml
9        android:targetSdkVersion="32" />
9-->src\main\AndroidManifest.xml
10
11    <queries>
11-->src\main\AndroidManifest.xml:38:5-40:15
12        <package android:name="com.example.myaccount" />
12-->src\main\AndroidManifest.xml:39:9-57
12-->src\main\AndroidManifest.xml:39:18-54
13    </queries>
14
15    <application
15-->src\main\AndroidManifest.xml:6:5-37:19
16        android:allowBackup="true"
16-->src\main\AndroidManifest.xml:7:9-35
17        android:appComponentFactory="androidx.core.app.CoreComponentFactory"
17-->[androidx.core:core:1.5.0] AndroidManifest.xml:24:18-86
18        android:dataExtractionRules="@xml/data_extraction_rules"
18-->src\main\AndroidManifest.xml:8:9-65
19        android:debuggable="true"
20        android:extractNativeLibs="false"
21        android:fullBackupContent="@xml/backup_rules"
21-->src\main\AndroidManifest.xml:9:9-54
22        android:icon="@mipmap/ic_launcher"
22-->src\main\AndroidManifest.xml:10:9-43
23        android:label="@string/app_name"
23-->src\main\AndroidManifest.xml:11:9-41
24        android:roundIcon="@mipmap/ic_launcher_round"
24-->src\main\AndroidManifest.xml:12:9-54
25        android:supportsRtl="true"
25-->src\main\AndroidManifest.xml:13:9-35
26        android:theme="@style/Theme.MyLogin" >
26-->src\main\AndroidManifest.xml:14:9-45
27        <activity
27-->src\main\AndroidManifest.xml:16:9-25:20
28            android:name="com.example.mylogin.view.LoginActivity"
28-->src\main\AndroidManifest.xml:17:13-47
29            android:exported="true"
29-->src\main\AndroidManifest.xml:18:13-36
30            android:launchMode="singleTop" >
30-->src\main\AndroidManifest.xml:19:13-43
31            <intent-filter>
31-->src\main\AndroidManifest.xml:20:13-24:29
32                <action android:name="android.intent.action.MAIN" />
32-->src\main\AndroidManifest.xml:21:17-69
32-->src\main\AndroidManifest.xml:21:25-66
33
34                <category android:name="android.intent.category.LAUNCHER" />
34-->src\main\AndroidManifest.xml:23:17-77
34-->src\main\AndroidManifest.xml:23:27-74
35            </intent-filter>
36        </activity>
37        <activity
37-->src\main\AndroidManifest.xml:26:9-30:20
38            android:name="com.example.mylogin.view.RegisterActivity"
38-->src\main\AndroidManifest.xml:27:13-50
39            android:exported="true"
39-->src\main\AndroidManifest.xml:28:13-36
40            android:launchMode="singleTop" >
40-->src\main\AndroidManifest.xml:29:13-43
41        </activity>
42        <activity
42-->src\main\AndroidManifest.xml:31:9-35:20
43            android:name="com.example.mylogin.view.ChangeActivity"
43-->src\main\AndroidManifest.xml:32:13-48
44            android:exported="true"
44-->src\main\AndroidManifest.xml:33:13-36
45            android:launchMode="singleTop" >
45-->src\main\AndroidManifest.xml:34:13-43
46        </activity>
47    </application>
48
49</manifest>